mode: set
github.com\sbrow\prob\combin\combin.go:21.31,23.2 1 0
github.com\sbrow\prob\combin\combin.go:25.34,27.2 1 0
github.com\sbrow\prob\combin\combin.go:29.36,31.2 1 0
github.com\sbrow\prob\combin\combin.go:33.28,35.2 1 0
github.com\sbrow\prob\combin\combin.go:37.42,39.2 1 0
github.com\sbrow\prob\combin\combin.go:41.43,43.30 2 0
github.com\sbrow\prob\combin\combin.go:46.2,46.13 1 0
github.com\sbrow\prob\combin\combin.go:43.30,45.3 1 0
github.com\sbrow\prob\combin\combin.go:53.59,58.25 4 1
github.com\sbrow\prob\combin\combin.go:64.2,67.23 3 1
github.com\sbrow\prob\combin\combin.go:71.2,71.15 1 1
github.com\sbrow\prob\combin\combin.go:58.25,63.3 4 1
github.com\sbrow\prob\combin\combin.go:67.23,70.3 2 1
github.com\sbrow\prob\combin\combin.go:74.37,75.9 1 1
github.com\sbrow\prob\combin\combin.go:87.2,87.12 1 1
github.com\sbrow\prob\combin\combin.go:76.19,77.19 1 0
github.com\sbrow\prob\combin\combin.go:78.18,80.14 2 0
github.com\sbrow\prob\combin\combin.go:81.18,83.34 2 1
github.com\sbrow\prob\combin\combin.go:83.34,85.4 1 1
github.com\sbrow\prob\combin\combin.go:93.61,94.25 1 1
github.com\sbrow\prob\combin\combin.go:94.25,95.37 1 1
github.com\sbrow\prob\combin\combin.go:96.24,97.10 1 1
github.com\sbrow\prob\combin\combin.go:98.25,100.15 2 1
github.com\sbrow\prob\combin\combin.go:101.11,102.35 1 1
github.com\sbrow\prob\combin\combin.go:112.52,116.24 3 1
github.com\sbrow\prob\combin\combin.go:133.2,133.28 1 1
github.com\sbrow\prob\combin\combin.go:138.2,138.15 1 1
github.com\sbrow\prob\combin\combin.go:116.24,118.21 2 1
github.com\sbrow\prob\combin\combin.go:120.12,121.40 1 1
github.com\sbrow\prob\combin\combin.go:122.15,123.35 1 1
github.com\sbrow\prob\combin\combin.go:126.17,127.37 1 1
github.com\sbrow\prob\combin\combin.go:123.35,125.5 1 1
github.com\sbrow\prob\combin\combin.go:127.37,129.5 1 1
github.com\sbrow\prob\combin\combin.go:133.28,134.29 1 1
github.com\sbrow\prob\combin\combin.go:134.29,136.4 1 1
github.com\sbrow\prob\combin\combin.go:142.49,144.32 2 1
github.com\sbrow\prob\combin\combin.go:149.2,149.15 1 1
github.com\sbrow\prob\combin\combin.go:144.32,145.35 1 1
github.com\sbrow\prob\combin\combin.go:145.35,147.4 1 1
github.com\sbrow\prob\combin\count.go:20.40,21.12 1 1
github.com\sbrow\prob\combin\count.go:24.2,24.22 1 1
github.com\sbrow\prob\combin\count.go:27.2,27.15 1 1
github.com\sbrow\prob\combin\count.go:21.12,23.3 1 1
github.com\sbrow\prob\combin\count.go:24.22,26.3 1 1
github.com\sbrow\prob\combin\count.go:45.41,46.12 1 0
github.com\sbrow\prob\combin\count.go:49.2,49.22 1 0
github.com\sbrow\prob\combin\count.go:52.2,52.15 1 0
github.com\sbrow\prob\combin\count.go:46.12,48.3 1 0
github.com\sbrow\prob\combin\count.go:49.22,51.3 1 0
github.com\sbrow\prob\combin\count.go:70.38,71.11 1 1
github.com\sbrow\prob\combin\count.go:74.2,74.22 1 1
github.com\sbrow\prob\combin\count.go:77.2,77.13 1 1
github.com\sbrow\prob\combin\count.go:71.11,73.3 1 0
github.com\sbrow\prob\combin\count.go:74.22,76.3 1 1
github.com\sbrow\prob\combin\count.go:95.39,96.12 1 1
github.com\sbrow\prob\combin\count.go:99.2,99.24 1 1
github.com\sbrow\prob\combin\count.go:102.2,102.13 1 1
github.com\sbrow\prob\combin\count.go:96.12,98.3 1 0
github.com\sbrow\prob\combin\count.go:99.24,101.3 1 1
github.com\sbrow\prob\combin\count.go:106.35,107.53 1 1
github.com\sbrow\prob\combin\count.go:107.53,107.65 1 1
github.com\sbrow\prob\combin\count.go:114.79,116.26 2 1
github.com\sbrow\prob\combin\count.go:119.2,119.13 1 1
github.com\sbrow\prob\combin\count.go:116.26,118.3 1 1
github.com\sbrow\prob\combin\count.go:126.74,127.26 1 1
github.com\sbrow\prob\combin\count.go:130.2,130.12 1 1
github.com\sbrow\prob\combin\count.go:127.26,129.3 1 1
github.com\sbrow\prob\combin\count.go:138.30,140.2 1 1
